<?xml version="1.0" encoding="UTF-8"?>
<!-- Generated by org.testng.reporters.JUnitXMLReporter -->
<testsuite hostname="ThinkPad-PC" name="ReadScreenplaySharedToConnectedUser" tests="1" failures="1" timestamp="15 Jun 2017 10:21:08 GMT" time="18.454" errors="0">
  <testcase name="ReadConUserSharedScreen" time="7.101" classname="co.rchive.test.spec.share.ReadConnectionUserSharedScreenplayTest">
    <failure type="java.lang.ArrayIndexOutOfBoundsException" message="1">
      <![CDATA[java.lang.ArrayIndexOutOfBoundsException: 1
	at co.rchive.pages.userpages.DashBoardPage.readSharedScreenplayThroughNotification(DashBoardPage.java:232)
	at co.rchive.spec.userpages.DashboardSpecDefinition.readConSharedScreenplay(DashboardSpecDefinition.java:31)
	at co.rchive.test.spec.share.ReadConnectionUserSharedScreenplayTest.ReadConUserSharedScreen(ReadConnectionUserSharedScreenplayTest.java:26)
... Removed 27 stack frames]]>
    </failure>
  </testcase> <!-- ReadConUserSharedScreen -->
</testsuite> <!-- ReadScreenplaySharedToConnectedUser -->
