<?xml version="1.0" encoding="UTF-8"?>
<!-- Generated by org.testng.reporters.JUnitXMLReporter -->
<testsuite hostname="ThinkPad-PC" name="VerifyConnectionRequestEmail" tests="1" failures="1" timestamp="15 Jun 2017 10:19:51 GMT" time="41.551" errors="0">
  <testcase name="verifyEmailForConRequest" time="13.602" classname="co.rchive.test.spec.verifyemails.VerifyConRequestEmailTest">
    <failure type="java.lang.AssertionError" message="expected [true] but found [false]">
      <![CDATA[java.lang.AssertionError: expected [true] but found [false]
	at co.rchive.spec.verifyemails.VerifyEmailSpecDefinition.verifyRchiveConRequestMail(VerifyEmailSpecDefinition.java:57)
	at co.rchive.test.spec.verifyemails.VerifyConRequestEmailTest.verifyEmailForConRequest(VerifyConRequestEmailTest.java:24)
... Removed 31 stack frames]]>
    </failure>
  </testcase> <!-- verifyEmailForConRequest -->
</testsuite> <!-- VerifyConnectionRequestEmail -->
