<?xml version="1.0" encoding="UTF-8"?>
<!-- Generated by org.testng.reporters.JUnitXMLReporter -->
<testsuite hostname="ThinkPad-PC" ignored="2" name="AdminLogin" tests="2" failures="0" timestamp="06 Jun 2017 12:02:08 GMT" time="40.434" errors="0">
  <testcase name="adminLoginTest" time="3.505" classname="co.rchive.test.spec.adminpage.AdminLoginTest"/>
  <testcase name="delWriterTest" time="19.293" classname="co.rchive.test.spec.adminpage.DeleteWritersTest"/>
  <testcase name="@BeforeSuite beforeSuite" time="0.0" classname="co.rchive.test.admin.testbase.AdminTestBase">
    <ignored/>
  </testcase> <!-- @BeforeSuite beforeSuite -->
  <testcase name="@AfterSuite afterSuite" time="0.0" classname="co.rchive.test.admin.testbase.AdminTestBase">
    <ignored/>
  </testcase> <!-- @AfterSuite afterSuite -->
</testsuite> <!-- AdminLogin -->
