<?xml version="1.0" encoding="UTF-8"?>
<!-- Generated by org.testng.reporters.JUnitXMLReporter -->
<testsuite hostname="ThinkPad-PC" ignored="0" name="SendConnectionRequest" tests="1" failures="0" timestamp="06 Jun 2017 10:23:17 GMT" time="0.007" errors="0">
  <testcase name="@BeforeTest setUp" time="0.0" classname="co.rchive.test.testbase.TestBase">
    <failure type="java.lang.IllegalArgumentException" message="wrong number of arguments">
      <![CDATA[java.lang.IllegalArgumentException: wrong number of arguments
... Removed 23 stack frames]]>
    </failure>
  </testcase> <!-- @BeforeTest setUp -->
  <testcase name="@AfterTest tearDown" time="0.0" classname="co.rchive.test.testbase.TestBase">
    <skipped/>
  </testcase> <!-- @AfterTest tearDown -->
  <testcase name="sendconnectionRequest" time="0.0" classname="co.rchive.test.spec.myconnections.SendConnectionRequestTest">
    <skipped/>
  </testcase> <!-- sendconnectionRequest -->
</testsuite> <!-- SendConnectionRequest -->
