<?xml version="1.0" encoding="UTF-8"?>
<!-- Generated by org.testng.reporters.JUnitXMLReporter -->
<testsuite hostname="ThinkPad-PC" ignored="0" name="TestSuite1" tests="3" failures="0" timestamp="08 Feb 2017 07:16:39 GMT" time="105.277" errors="0">
  <testcase name="adminLoginTest" time="4.516" classname="co.rchive.test.spec.adminpage.AdminLoginTest"/>
  <testcase name="delWriterTest" time="49.78" classname="co.rchive.test.spec.adminpage.DeleteWritersTest"/>
  <testcase name="SignUpWithEmail" time="7.936" classname="co.rchive.test.spec.beforelogin.SignUpTest"/>
</testsuite> <!-- TestSuite1 -->
