<?xml version="1.0" encoding="UTF-8"?>
<testng-results skipped="0" failed="0" ignored="0" total="1" passed="1">
  <reporter-output>
  </reporter-output>
  <suite name="Default suite" duration-ms="27182" started-at="2017-06-28T06:47:47Z" finished-at="2017-06-28T06:48:14Z">
    <groups>
    </groups>
    <test name="Default test" duration-ms="27182" started-at="2017-06-28T06:47:47Z" finished-at="2017-06-28T06:48:14Z">
      <class name="co.rchive.test.spec.verifyemails.VerifyConShareEmailTest">
        <test-method status="PASS" signature="setUp()[pri:0, instance:co.rchive.test.spec.verifyemails.VerifyConShareEmailTest@cc285f4]" name="setUp" is-config="true" duration-ms="8232" started-at="2017-06-28T12:17:47Z" finished-at="2017-06-28T12:17:55Z">
          <reporter-output>
          </reporter-output>
        </test-method> <!-- setUp -->
        <test-method status="PASS" signature="verifyEmailForConShare()[pri:0, instance:co.rchive.test.spec.verifyemails.VerifyConShareEmailTest@cc285f4]" name="verifyEmailForConShare" duration-ms="16493" started-at="2017-06-28T12:17:55Z" finished-at="2017-06-28T12:18:12Z">
          <reporter-output>
          </reporter-output>
        </test-method> <!-- verifyEmailForConShare -->
        <test-method status="PASS" signature="tearDown()[pri:0, instance:co.rchive.test.spec.verifyemails.VerifyConShareEmailTest@cc285f4]" name="tearDown" is-config="true" duration-ms="2436" started-at="2017-06-28T12:18:12Z" finished-at="2017-06-28T12:18:14Z">
          <reporter-output>
          </reporter-output>
        </test-method> <!-- tearDown -->
      </class> <!-- co.rchive.test.spec.verifyemails.VerifyConShareEmailTest -->
    </test> <!-- Default test -->
  </suite> <!-- Default suite -->
</testng-results>
